# JRE version: OpenJDK Runtime Environment (7.0_79-b14) (build 1.7.0_79-b14)
# Java VM: OpenJDK 64-Bit Server VM (24.79-b02 mixed mode linux-amd64 compressed oops)
Heap
 PSYoungGen      total 328704K, used 0K [0x00000000eaa80000, 0x0000000100000000, 0x0000000100000000)
  eden space 307712K, 0% used [0x00000000eaa80000,0x00000000eaa80000,0x00000000fd700000)
  from space 20992K, 0% used [0x00000000fd700000,0x00000000fd700000,0x00000000feb80000)
  to   space 20992K, 0% used [0x00000000feb80000,0x00000000feb80000,0x0000000100000000)
 ParOldGen       total 48640K, used 24971K [0x00000000c0000000, 0x00000000c2f80000, 0x00000000eaa80000)
  object space 48640K, 51% used [0x00000000c0000000,0x00000000c1862d50,0x00000000c2f80000)
 PSPermGen       total 40448K, used 39951K [0x00000000b5a00000, 0x00000000b8180000, 0x00000000c0000000)
  object space 40448K, 98% used [0x00000000b5a00000,0x00000000b8103eb8,0x00000000b8180000)
GC Heap History (10 events):
Event: 4.668 GC heap after
Heap after GC invocations=7 (full 0):
 PSYoungGen      total 125952K, used 4064K [0x00000000eaa80000, 0x00000000fa680000, 0x0000000100000000)
  eden space 121856K, 0% used [0x00000000eaa80000,0x00000000eaa80000,0x00000000f2180000)
  from space 4096K, 99% used [0x00000000f2180000,0x00000000f25783c0,0x00000000f2580000)
  to   space 7168K, 0% used [0x00000000f9f80000,0x00000000f9f80000,0x00000000fa680000)
 ParOldGen       total 37888K, used 6472K [0x00000000c0000000, 0x00000000c2500000, 0x00000000eaa80000)
  object space 37888K, 17% used [0x00000000c0000000,0x00000000c0652098,0x00000000c2500000)
 PSPermGen       total 21504K, used 16826K [0x00000000b5a00000, 0x00000000b6f00000, 0x00000000c0000000)
  object space 21504K, 78% used [0x00000000b5a00000,0x00000000b6a6e988,0x00000000b6f00000)
}
Event: 6.083 GC heap before
{Heap before GC invocations=8 (full 0):
 PSYoungGen      total 125952K, used 125920K [0x00000000eaa80000, 0x00000000fa680000, 0x0000000100000000)
  eden space 121856K, 100% used [0x00000000eaa80000,0x00000000f2180000,0x00000000f2180000)
  from space 4096K, 99% used [0x00000000f2180000,0x00000000f25783c0,0x00000000f2580000)
  to   space 7168K, 0% used [0x00000000f9f80000,0x00000000f9f80000,0x00000000fa680000)
 ParOldGen       total 37888K, used 6472K [0x00000000c0000000, 0x00000000c2500000, 0x00000000eaa80000)
  object space 37888K, 17% used [0x00000000c0000000,0x00000000c0652098,0x00000000c2500000)
 PSPermGen       total 23040K, used 22671K [0x00000000b5a00000, 0x00000000b7080000, 0x00000000c0000000)
  object space 23040K, 98% used [0x00000000b5a00000,0x00000000b7023c40,0x00000000b7080000)
Event: 6.093 GC heap after
Heap after GC invocations=8 (full 0):
 PSYoungGen      total 249344K, used 7167K [0x00000000eaa80000, 0x00000000fa980000, 0x0000000100000000)
  eden space 242176K, 0% used [0x00000000eaa80000,0x00000000eaa80000,0x00000000f9700000)
  from space 7168K, 99% used [0x00000000f9f80000,0x00000000fa67fe10,0x00000000fa680000)
  to   space 8704K, 0% used [0x00000000f9700000,0x00000000f9700000,0x00000000f9f80000)
 ParOldGen       total 37888K, used 7226K [0x00000000c0000000, 0x00000000c2500000, 0x00000000eaa80000)
  object space 37888K, 19% used [0x00000000c0000000,0x00000000c070e8d8,0x00000000c2500000)
 PSPermGen       total 23040K, used 22671K [0x00000000b5a00000, 0x00000000b7080000, 0x00000000c0000000)
  object space 23040K, 98% used [0x00000000b5a00000,0x00000000b7023c40,0x00000000b7080000)
}
Event: 16.274 GC heap before
{Heap before GC invocations=9 (full 0):
 PSYoungGen      total 249344K, used 249343K [0x00000000eaa80000, 0x00000000fa980000, 0x0000000100000000)
  eden space 242176K, 100% used [0x00000000eaa80000,0x00000000f9700000,0x00000000f9700000)
  from space 7168K, 99% used [0x00000000f9f80000,0x00000000fa67fe10,0x00000000fa680000)
  to   space 8704K, 0% used [0x00000000f9700000,0x00000000f9700000,0x00000000f9f80000)
 ParOldGen       total 37888K, used 7226K [0x00000000c0000000, 0x00000000c2500000, 0x00000000eaa80000)
  object space 37888K, 19% used [0x00000000c0000000,0x00000000c070e8d8,0x00000000c2500000)
 PSPermGen       total 32256K, used 32016K [0x00000000b5a00000, 0x00000000b7980000, 0x00000000c0000000)
  object space 32256K, 99% used [0x00000000b5a00000,0x00000000b7944288,0x00000000b7980000)
Event: 16.297 GC heap after
Heap after GC invocations=9 (full 0):
 PSYoungGen      total 250880K, used 8697K [0x00000000eaa80000, 0x0000000100000000, 0x0000000100000000)
  eden space 242176K, 0% used [0x00000000eaa80000,0x00000000eaa80000,0x00000000f9700000)
  from space 8704K, 99% used [0x00000000f9700000,0x00000000f9f7e500,0x00000000f9f80000)
  to   space 15872K, 0% used [0x00000000ff080000,0x00000000ff080000,0x0000000100000000)
 ParOldGen       total 37888K, used 20575K [0x00000000c0000000, 0x00000000c2500000, 0x00000000eaa80000)
  object space 37888K, 54% used [0x00000000c0000000,0x00000000c1417e58,0x00000000c2500000)
 PSPermGen       total 32256K, used 32016K [0x00000000b5a00000, 0x00000000b7980000, 0x00000000c0000000)
  object space 32256K, 99% used [0x00000000b5a00000,0x00000000b7944288,0x00000000b7980000)
}
Event: 19.222 GC heap before
{Heap before GC invocations=10 (full 0):
 PSYoungGen      total 250880K, used 250873K [0x00000000eaa80000, 0x0000000100000000, 0x0000000100000000)
  eden space 242176K, 100% used [0x00000000eaa80000,0x00000000f9700000,0x00000000f9700000)
  from space 8704K, 99% used [0x00000000f9700000,0x00000000f9f7e500,0x00000000f9f80000)
  to   space 15872K, 0% used [0x00000000ff080000,0x00000000ff080000,0x0000000100000000)
 ParOldGen       total 37888K, used 20575K [0x00000000c0000000, 0x00000000c2500000, 0x00000000eaa80000)
  object space 37888K, 54% used [0x00000000c0000000,0x00000000c1417e58,0x00000000c2500000)
 PSPermGen       total 39936K, used 39925K [0x00000000b5a00000, 0x00000000b8100000, 0x00000000c0000000)
  object space 39936K, 99% used [0x00000000b5a00000,0x00000000b80fd6e8,0x00000000b8100000)
Event: 19.260 GC heap after
Heap after GC invocations=10 (full 0):
 PSYoungGen      total 323584K, used 15859K [0x00000000eaa80000, 0x0000000100000000, 0x0000000100000000)
  eden space 307712K, 0% used [0x00000000eaa80000,0x00000000eaa80000,0x00000000fd700000)
  from space 15872K, 99% used [0x00000000ff080000,0x00000000ffffccb0,0x0000000100000000)
  to   space 20992K, 0% used [0x00000000fd700000,0x00000000fd700000,0x00000000feb80000)
 ParOldGen       total 37888K, used 27379K [0x00000000c0000000, 0x00000000c2500000, 0x00000000eaa80000)
  object space 37888K, 72% used [0x00000000c0000000,0x00000000c1abcf40,0x00000000c2500000)
 PSPermGen       total 39936K, used 39925K [0x00000000b5a00000, 0x00000000b8100000, 0x00000000c0000000)
  object space 39936K, 99% used [0x00000000b5a00000,0x00000000b80fd6e8,0x00000000b8100000)
}
Event: 21.221 GC heap before
{Heap before GC invocations=11 (full 0):
 PSYoungGen      total 323584K, used 323571K [0x00000000eaa80000, 0x0000000100000000, 0x0000000100000000)
  eden space 307712K, 100% used [0x00000000eaa80000,0x00000000fd700000,0x00000000fd700000)
  from space 15872K, 99% used [0x00000000ff080000,0x00000000ffffccb0,0x0000000100000000)
  to   space 20992K, 0% used [0x00000000fd700000,0x00000000fd700000,0x00000000feb80000)
 ParOldGen       total 37888K, used 27379K [0x00000000c0000000, 0x00000000c2500000, 0x00000000eaa80000)
  object space 37888K, 72% used [0x00000000c0000000,0x00000000c1abcf40,0x00000000c2500000)
 PSPermGen       total 40448K, used 39965K [0x00000000b5a00000, 0x00000000b8180000, 0x00000000c0000000)
  object space 40448K, 98% used [0x00000000b5a00000,0x00000000b8107628,0x00000000b8180000)
Event: 21.264 GC heap after
Heap after GC invocations=11 (full 0):
 PSYoungGen      total 328704K, used 751K [0x00000000eaa80000, 0x0000000100000000, 0x0000000100000000)
  eden space 307712K, 0% used [0x00000000eaa80000,0x00000000eaa80000,0x00000000fd700000)
  from space 20992K, 3% used [0x00000000fd700000,0x00000000fd7bbdb8,0x00000000feb80000)
  to   space 20992K, 0% used [0x00000000feb80000,0x00000000feb80000,0x0000000100000000)
 ParOldGen       total 48640K, used 47278K [0x00000000c0000000, 0x00000000c2f80000, 0x00000000eaa80000)
  object space 48640K, 97% used [0x00000000c0000000,0x00000000c2e2b9f0,0x00000000c2f80000)
 PSPermGen       total 40448K, used 39965K [0x00000000b5a00000, 0x00000000b8180000, 0x00000000c0000000)
  object space 40448K, 98% used [0x00000000b5a00000,0x00000000b8107628,0x00000000b8180000)
}
Event: 21.273 GC heap before
{Heap before GC invocations=12 (full 1):
 PSYoungGen      total 328704K, used 751K [0x00000000eaa80000, 0x0000000100000000, 0x0000000100000000)
  eden space 307712K, 0% used [0x00000000eaa80000,0x00000000eaa80000,0x00000000fd700000)
  from space 20992K, 3% used [0x00000000fd700000,0x00000000fd7bbdb8,0x00000000feb80000)
  to   space 20992K, 0% used [0x00000000feb80000,0x00000000feb80000,0x0000000100000000)
 ParOldGen       total 48640K, used 47278K [0x00000000c0000000, 0x00000000c2f80000, 0x00000000eaa80000)
  object space 48640K, 97% used [0x00000000c0000000,0x00000000c2e2b9f0,0x00000000c2f80000)
 PSPermGen       total 40448K, used 39965K [0x00000000b5a00000, 0x00000000b8180000, 0x00000000c0000000)
  object space 40448K, 98% used [0x00000000b5a00000,0x00000000b8107628,0x00000000b8180000)

