# JRE version: OpenJDK Runtime Environment (7.0_79-b14) (build 1.7.0_79-b14)
# Java VM: OpenJDK 64-Bit Server VM (24.79-b02 mixed mode linux-amd64 compressed oops)
Heap
 PSYoungGen      total 17408K, used 2016K [0x00000000ed500000, 0x00000000ee800000, 0x0000000100000000)
  eden space 15360K, 0% used [0x00000000ed500000,0x00000000ed500000,0x00000000ee400000)
  from space 2048K, 98% used [0x00000000ee400000,0x00000000ee5f8030,0x00000000ee600000)
  to   space 2048K, 0% used [0x00000000ee600000,0x00000000ee600000,0x00000000ee800000)
 ParOldGen       total 37888K, used 21842K [0x00000000c8000000, 0x00000000ca500000, 0x00000000ed500000)
  object space 37888K, 57% used [0x00000000c8000000,0x00000000c95548c0,0x00000000ca500000)
 PSPermGen       total 21504K, used 7126K [0x00000000bda00000, 0x00000000bef00000, 0x00000000c8000000)
  object space 21504K, 33% used [0x00000000bda00000,0x00000000be0f5a30,0x00000000bef00000)
GC Heap History (5 events):
Event: 20.595 GC heap before
{Heap before GC invocations=1 (full 0):
 PSYoungGen      total 17408K, used 15360K [0x00000000ed500000, 0x00000000ee800000, 0x0000000100000000)
  eden space 15360K, 100% used [0x00000000ed500000,0x00000000ee400000,0x00000000ee400000)
  from space 2048K, 0% used [0x00000000ee600000,0x00000000ee600000,0x00000000ee800000)
  to   space 2048K, 0% used [0x00000000ee400000,0x00000000ee400000,0x00000000ee600000)
 ParOldGen       total 37888K, used 0K [0x00000000c8000000, 0x00000000ca500000, 0x00000000ed500000)
  object space 37888K, 0% used [0x00000000c8000000,0x00000000c8000000,0x00000000ca500000)
 PSPermGen       total 21504K, used 7120K [0x00000000bda00000, 0x00000000bef00000, 0x00000000c8000000)
  object space 21504K, 33% used [0x00000000bda00000,0x00000000be0f4248,0x00000000bef00000)
Event: 20.797 GC heap after
Heap after GC invocations=1 (full 0):
 PSYoungGen      total 17408K, used 2048K [0x00000000ed500000, 0x00000000ee800000, 0x0000000100000000)
  eden space 15360K, 0% used [0x00000000ed500000,0x00000000ed500000,0x00000000ee400000)
  from space 2048K, 100% used [0x00000000ee400000,0x00000000ee600000,0x00000000ee600000)
  to   space 2048K, 0% used [0x00000000ee600000,0x00000000ee600000,0x00000000ee800000)
 ParOldGen       total 37888K, used 4589K [0x00000000c8000000, 0x00000000ca500000, 0x00000000ed500000)
  object space 37888K, 12% used [0x00000000c8000000,0x00000000c847b440,0x00000000ca500000)
 PSPermGen       total 21504K, used 7120K [0x00000000bda00000, 0x00000000bef00000, 0x00000000c8000000)
  object space 21504K, 33% used [0x00000000bda00000,0x00000000be0f4248,0x00000000bef00000)
}
Event: 24.002 GC heap before
{Heap before GC invocations=2 (full 0):
 PSYoungGen      total 17408K, used 17408K [0x00000000ed500000, 0x00000000ee800000, 0x0000000100000000)
  eden space 15360K, 100% used [0x00000000ed500000,0x00000000ee400000,0x00000000ee400000)
  from space 2048K, 100% used [0x00000000ee400000,0x00000000ee600000,0x00000000ee600000)
  to   space 2048K, 0% used [0x00000000ee600000,0x00000000ee600000,0x00000000ee800000)
 ParOldGen       total 37888K, used 4589K [0x00000000c8000000, 0x00000000ca500000, 0x00000000ed500000)
  object space 37888K, 12% used [0x00000000c8000000,0x00000000c847b440,0x00000000ca500000)
 PSPermGen       total 21504K, used 7126K [0x00000000bda00000, 0x00000000bef00000, 0x00000000c8000000)
  object space 21504K, 33% used [0x00000000bda00000,0x00000000be0f5950,0x00000000bef00000)
Event: 24.083 GC heap after
Heap after GC invocations=2 (full 0):
 PSYoungGen      total 17408K, used 2048K [0x00000000ed500000, 0x00000000ee800000, 0x0000000100000000)
  eden space 15360K, 0% used [0x00000000ed500000,0x00000000ed500000,0x00000000ee400000)
  from space 2048K, 100% used [0x00000000ee600000,0x00000000ee800000,0x00000000ee800000)
  to   space 2048K, 0% used [0x00000000ee400000,0x00000000ee400000,0x00000000ee600000)
 ParOldGen       total 37888K, used 12895K [0x00000000c8000000, 0x00000000ca500000, 0x00000000ed500000)
  object space 37888K, 34% used [0x00000000c8000000,0x00000000c8c97e78,0x00000000ca500000)
 PSPermGen       total 21504K, used 7126K [0x00000000bda00000, 0x00000000bef00000, 0x00000000c8000000)
  object space 21504K, 33% used [0x00000000bda00000,0x00000000be0f5950,0x00000000bef00000)
}
Event: 24.869 GC heap before
{Heap before GC invocations=3 (full 0):
 PSYoungGen      total 17408K, used 17408K [0x00000000ed500000, 0x00000000ee800000, 0x0000000100000000)
  eden space 15360K, 100% used [0x00000000ed500000,0x00000000ee400000,0x00000000ee400000)
  from space 2048K, 100% used [0x00000000ee600000,0x00000000ee800000,0x00000000ee800000)
  to   space 2048K, 0% used [0x00000000ee400000,0x00000000ee400000,0x00000000ee600000)
 ParOldGen       total 37888K, used 12895K [0x00000000c8000000, 0x00000000ca500000, 0x00000000ed500000)
  object space 37888K, 34% used [0x00000000c8000000,0x00000000c8c97e78,0x00000000ca500000)
 PSPermGen       total 21504K, used 7126K [0x00000000bda00000, 0x00000000bef00000, 0x00000000c8000000)
  object space 21504K, 33% used [0x00000000bda00000,0x00000000be0f5a30,0x00000000bef00000)

