# JRE version: OpenJDK Runtime Environment (7.0_79-b14) (build 1.7.0_79-b14)
# Java VM: OpenJDK 64-Bit Server VM (24.79-b02 mixed mode linux-amd64 compressed oops)
Heap
 PSYoungGen      total 257024K, used 16571K [0x00000000eaa80000, 0x00000000fc080000, 0x0000000100000000)
  eden space 240128K, 0% used [0x00000000eaa80000,0x00000000eaa80000,0x00000000f9500000)
  from space 16896K, 98% used [0x00000000f9500000,0x00000000fa52ec88,0x00000000fa580000)
  to   space 6144K, 0% used [0x00000000fa580000,0x00000000fa580000,0x00000000fab80000)
 ParOldGen       total 73216K, used 38315K [0x00000000c0000000, 0x00000000c4780000, 0x00000000eaa80000)
  object space 73216K, 52% used [0x00000000c0000000,0x00000000c256af00,0x00000000c4780000)
 PSPermGen       total 75264K, used 40009K [0x00000000b5a00000, 0x00000000ba380000, 0x00000000c0000000)
  object space 75264K, 53% used [0x00000000b5a00000,0x00000000b81125c0,0x00000000ba380000)
GC Heap History (10 events):
Event: 6.528 GC heap after
Heap after GC invocations=11 (full 0):
 PSYoungGen      total 100864K, used 3040K [0x00000000eaa80000, 0x00000000f4c80000, 0x0000000100000000)
  eden space 97792K, 0% used [0x00000000eaa80000,0x00000000eaa80000,0x00000000f0a00000)
  from space 3072K, 98% used [0x00000000f0a00000,0x00000000f0cf83c0,0x00000000f0d00000)
  to   space 4608K, 0% used [0x00000000f4800000,0x00000000f4800000,0x00000000f4c80000)
 ParOldGen       total 37888K, used 7054K [0x00000000c0000000, 0x00000000c2500000, 0x00000000eaa80000)
  object space 37888K, 18% used [0x00000000c0000000,0x00000000c06e3820,0x00000000c2500000)
 PSPermGen       total 21504K, used 19654K [0x00000000b5a00000, 0x00000000b6f00000, 0x00000000c0000000)
  object space 21504K, 91% used [0x00000000b5a00000,0x00000000b6d31ad8,0x00000000b6f00000)
}
Event: 7.311 GC heap before
{Heap before GC invocations=12 (full 0):
 PSYoungGen      total 100864K, used 100832K [0x00000000eaa80000, 0x00000000f4c80000, 0x0000000100000000)
  eden space 97792K, 100% used [0x00000000eaa80000,0x00000000f0a00000,0x00000000f0a00000)
  from space 3072K, 98% used [0x00000000f0a00000,0x00000000f0cf83c0,0x00000000f0d00000)
  to   space 4608K, 0% used [0x00000000f4800000,0x00000000f4800000,0x00000000f4c80000)
 ParOldGen       total 37888K, used 7054K [0x00000000c0000000, 0x00000000c2500000, 0x00000000eaa80000)
  object space 37888K, 18% used [0x00000000c0000000,0x00000000c06e3820,0x00000000c2500000)
 PSPermGen       total 23040K, used 22928K [0x00000000b5a00000, 0x00000000b7080000, 0x00000000c0000000)
  object space 23040K, 99% used [0x00000000b5a00000,0x00000000b70641e0,0x00000000b7080000)
Event: 7.354 GC heap after
Heap after GC invocations=12 (full 0):
 PSYoungGen      total 161280K, used 2630K [0x00000000eaa80000, 0x00000000f4c80000, 0x0000000100000000)
  eden space 156672K, 0% used [0x00000000eaa80000,0x00000000eaa80000,0x00000000f4380000)
  from space 4608K, 57% used [0x00000000f4800000,0x00000000f4a91b48,0x00000000f4c80000)
  to   space 4608K, 0% used [0x00000000f4380000,0x00000000f4380000,0x00000000f4800000)
 ParOldGen       total 37888K, used 9803K [0x00000000c0000000, 0x00000000c2500000, 0x00000000eaa80000)
  object space 37888K, 25% used [0x00000000c0000000,0x00000000c0992cb0,0x00000000c2500000)
 PSPermGen       total 23040K, used 22928K [0x00000000b5a00000, 0x00000000b7080000, 0x00000000c0000000)
  object space 23040K, 99% used [0x00000000b5a00000,0x00000000b70641e0,0x00000000b7080000)
}
Event: 9.180 GC heap before
{Heap before GC invocations=13 (full 0):
 PSYoungGen      total 161280K, used 159302K [0x00000000eaa80000, 0x00000000f4c80000, 0x0000000100000000)
  eden space 156672K, 100% used [0x00000000eaa80000,0x00000000f4380000,0x00000000f4380000)
  from space 4608K, 57% used [0x00000000f4800000,0x00000000f4a91b48,0x00000000f4c80000)
  to   space 4608K, 0% used [0x00000000f4380000,0x00000000f4380000,0x00000000f4800000)
 ParOldGen       total 37888K, used 9803K [0x00000000c0000000, 0x00000000c2500000, 0x00000000eaa80000)
  object space 37888K, 25% used [0x00000000c0000000,0x00000000c0992cb0,0x00000000c2500000)
 PSPermGen       total 29696K, used 29592K [0x00000000b5a00000, 0x00000000b7700000, 0x00000000c0000000)
  object space 29696K, 99% used [0x00000000b5a00000,0x00000000b76e6038,0x00000000b7700000)
Event: 9.195 GC heap after
Heap after GC invocations=13 (full 0):
 PSYoungGen      total 161280K, used 4593K [0x00000000eaa80000, 0x00000000fab80000, 0x0000000100000000)
  eden space 156672K, 0% used [0x00000000eaa80000,0x00000000eaa80000,0x00000000f4380000)
  from space 4608K, 99% used [0x00000000f4380000,0x00000000f47fc4a0,0x00000000f4800000)
  to   space 6144K, 0% used [0x00000000fa580000,0x00000000fa580000,0x00000000fab80000)
 ParOldGen       total 37888K, used 12826K [0x00000000c0000000, 0x00000000c2500000, 0x00000000eaa80000)
  object space 37888K, 33% used [0x00000000c0000000,0x00000000c0c869b0,0x00000000c2500000)
 PSPermGen       total 29696K, used 29592K [0x00000000b5a00000, 0x00000000b7700000, 0x00000000c0000000)
  object space 29696K, 99% used [0x00000000b5a00000,0x00000000b76e6038,0x00000000b7700000)
}
Event: 22.554 GC heap before
{Heap before GC invocations=14 (full 0):
 PSYoungGen      total 161280K, used 161265K [0x00000000eaa80000, 0x00000000fab80000, 0x0000000100000000)
  eden space 156672K, 100% used [0x00000000eaa80000,0x00000000f4380000,0x00000000f4380000)
  from space 4608K, 99% used [0x00000000f4380000,0x00000000f47fc4a0,0x00000000f4800000)
  to   space 6144K, 0% used [0x00000000fa580000,0x00000000fa580000,0x00000000fab80000)
 ParOldGen       total 37888K, used 12826K [0x00000000c0000000, 0x00000000c2500000, 0x00000000eaa80000)
  object space 37888K, 33% used [0x00000000c0000000,0x00000000c0c869b0,0x00000000c2500000)
 PSPermGen       total 37888K, used 37574K [0x00000000b5a00000, 0x00000000b7f00000, 0x00000000c0000000)
  object space 37888K, 99% used [0x00000000b5a00000,0x00000000b7eb18c8,0x00000000b7f00000)
Event: 22.586 GC heap after
Heap after GC invocations=14 (full 0):
 PSYoungGen      total 246272K, used 6126K [0x00000000eaa80000, 0x00000000fc080000, 0x0000000100000000)
  eden space 240128K, 0% used [0x00000000eaa80000,0x00000000eaa80000,0x00000000f9500000)
  from space 6144K, 99% used [0x00000000fa580000,0x00000000fab7b8a8,0x00000000fab80000)
  to   space 16896K, 0% used [0x00000000f9500000,0x00000000f9500000,0x00000000fa580000)
 ParOldGen       total 38912K, used 38696K [0x00000000c0000000, 0x00000000c2600000, 0x00000000eaa80000)
  object space 38912K, 99% used [0x00000000c0000000,0x00000000c25ca218,0x00000000c2600000)
 PSPermGen       total 37888K, used 37574K [0x00000000b5a00000, 0x00000000b7f00000, 0x00000000c0000000)
  object space 37888K, 99% used [0x00000000b5a00000,0x00000000b7eb18c8,0x00000000b7f00000)
}
Event: 22.608 GC heap before
{Heap before GC invocations=15 (full 1):
 PSYoungGen      total 246272K, used 6126K [0x00000000eaa80000, 0x00000000fc080000, 0x0000000100000000)
  eden space 240128K, 0% used [0x00000000eaa80000,0x00000000eaa80000,0x00000000f9500000)
  from space 6144K, 99% used [0x00000000fa580000,0x00000000fab7b8a8,0x00000000fab80000)
  to   space 16896K, 0% used [0x00000000f9500000,0x00000000f9500000,0x00000000fa580000)
 ParOldGen       total 38912K, used 38696K [0x00000000c0000000, 0x00000000c2600000, 0x00000000eaa80000)
  object space 38912K, 99% used [0x00000000c0000000,0x00000000c25ca218,0x00000000c2600000)
 PSPermGen       total 37888K, used 37574K [0x00000000b5a00000, 0x00000000b7f00000, 0x00000000c0000000)
  object space 37888K, 99% used [0x00000000b5a00000,0x00000000b7eb18c8,0x00000000b7f00000)
Event: 22.854 GC heap after
Heap after GC invocations=15 (full 1):
 PSYoungGen      total 246272K, used 0K [0x00000000eaa80000, 0x00000000fc080000, 0x0000000100000000)
  eden space 240128K, 0% used [0x00000000eaa80000,0x00000000eaa80000,0x00000000f9500000)
  from space 6144K, 0% used [0x00000000fa580000,0x00000000fa580000,0x00000000fab80000)
  to   space 16896K, 0% used [0x00000000f9500000,0x00000000f9500000,0x00000000fa580000)
 ParOldGen       total 73216K, used 38315K [0x00000000c0000000, 0x00000000c4780000, 0x00000000eaa80000)
  object space 73216K, 52% used [0x00000000c0000000,0x00000000c256af00,0x00000000c4780000)
 PSPermGen       total 75264K, used 37561K [0x00000000b5a00000, 0x00000000ba380000, 0x00000000c0000000)
  object space 75264K, 49% used [0x00000000b5a00000,0x00000000b7eae700,0x00000000ba380000)
}
Event: 26.883 GC heap before
{Heap before GC invocations=16 (full 1):
 PSYoungGen      total 246272K, used 240128K [0x00000000eaa80000, 0x00000000fc080000, 0x0000000100000000)
  eden space 240128K, 100% used [0x00000000eaa80000,0x00000000f9500000,0x00000000f9500000)
  from space 6144K, 0% used [0x00000000fa580000,0x00000000fa580000,0x00000000fab80000)
  to   space 16896K, 0% used [0x00000000f9500000,0x00000000f9500000,0x00000000fa580000)
 ParOldGen       total 73216K, used 38315K [0x00000000c0000000, 0x00000000c4780000, 0x00000000eaa80000)
  object space 73216K, 52% used [0x00000000c0000000,0x00000000c256af00,0x00000000c4780000)
 PSPermGen       total 75264K, used 40009K [0x00000000b5a00000, 0x00000000ba380000, 0x00000000c0000000)
  object space 75264K, 53% used [0x00000000b5a00000,0x00000000b81125c0,0x00000000ba380000)

