# JRE version: OpenJDK Runtime Environment (7.0_79-b14) (build 1.7.0_79-b14)
# Java VM: OpenJDK 64-Bit Server VM (24.79-b02 mixed mode linux-amd64 compressed oops)
Heap
 PSYoungGen      total 205312K, used 8176K [0x00000000eaa80000, 0x00000000f7e00000, 0x0000000100000000)
  eden space 197120K, 0% used [0x00000000eaa80000,0x00000000eaa80000,0x00000000f6b00000)
  from space 8192K, 99% used [0x00000000f6b00000,0x00000000f72fc010,0x00000000f7300000)
  to   space 5120K, 0% used [0x00000000f7300000,0x00000000f7300000,0x00000000f7800000)
 ParOldGen       total 40448K, used 40301K [0x00000000c0000000, 0x00000000c2780000, 0x00000000eaa80000)
  object space 40448K, 99% used [0x00000000c0000000,0x00000000c275b4e0,0x00000000c2780000)
 PSPermGen       total 39936K, used 39848K [0x00000000b5a00000, 0x00000000b8100000, 0x00000000c0000000)
  object space 39936K, 99% used [0x00000000b5a00000,0x00000000b80ea228,0x00000000b8100000)
GC Heap History (10 events):
Event: 6.455 GC heap after
Heap after GC invocations=12 (full 0):
 PSYoungGen      total 79872K, used 1851K [0x00000000eaa80000, 0x00000000efa80000, 0x0000000100000000)
  eden space 77824K, 0% used [0x00000000eaa80000,0x00000000eaa80000,0x00000000ef680000)
  from space 2048K, 90% used [0x00000000ef880000,0x00000000efa4ed08,0x00000000efa80000)
  to   space 2048K, 0% used [0x00000000ef680000,0x00000000ef680000,0x00000000ef880000)
 ParOldGen       total 37888K, used 2760K [0x00000000c0000000, 0x00000000c2500000, 0x00000000eaa80000)
  object space 37888K, 7% used [0x00000000c0000000,0x00000000c02b2070,0x00000000c2500000)
 PSPermGen       total 21504K, used 15116K [0x00000000b5a00000, 0x00000000b6f00000, 0x00000000c0000000)
  object space 21504K, 70% used [0x00000000b5a00000,0x00000000b68c33d8,0x00000000b6f00000)
}
Event: 8.001 GC heap before
{Heap before GC invocations=13 (full 0):
 PSYoungGen      total 79872K, used 79675K [0x00000000eaa80000, 0x00000000efa80000, 0x0000000100000000)
  eden space 77824K, 100% used [0x00000000eaa80000,0x00000000ef680000,0x00000000ef680000)
  from space 2048K, 90% used [0x00000000ef880000,0x00000000efa4ed08,0x00000000efa80000)
  to   space 2048K, 0% used [0x00000000ef680000,0x00000000ef680000,0x00000000ef880000)
 ParOldGen       total 37888K, used 2760K [0x00000000c0000000, 0x00000000c2500000, 0x00000000eaa80000)
  object space 37888K, 7% used [0x00000000c0000000,0x00000000c02b2070,0x00000000c2500000)
 PSPermGen       total 21504K, used 18788K [0x00000000b5a00000, 0x00000000b6f00000, 0x00000000c0000000)
  object space 21504K, 87% used [0x00000000b5a00000,0x00000000b6c592b8,0x00000000b6f00000)
Event: 8.018 GC heap after
Heap after GC invocations=13 (full 0):
 PSYoungGen      total 79872K, used 2032K [0x00000000eaa80000, 0x00000000f2c80000, 0x0000000100000000)
  eden space 77824K, 0% used [0x00000000eaa80000,0x00000000eaa80000,0x00000000ef680000)
  from space 2048K, 99% used [0x00000000ef680000,0x00000000ef87c230,0x00000000ef880000)
  to   space 4096K, 0% used [0x00000000f2880000,0x00000000f2880000,0x00000000f2c80000)
 ParOldGen       total 37888K, used 6773K [0x00000000c0000000, 0x00000000c2500000, 0x00000000eaa80000)
  object space 37888K, 17% used [0x00000000c0000000,0x00000000c069d490,0x00000000c2500000)
 PSPermGen       total 21504K, used 18788K [0x00000000b5a00000, 0x00000000b6f00000, 0x00000000c0000000)
  object space 21504K, 87% used [0x00000000b5a00000,0x00000000b6c592b8,0x00000000b6f00000)
}
Event: 9.012 GC heap before
{Heap before GC invocations=14 (full 0):
 PSYoungGen      total 79872K, used 79856K [0x00000000eaa80000, 0x00000000f2c80000, 0x0000000100000000)
  eden space 77824K, 100% used [0x00000000eaa80000,0x00000000ef680000,0x00000000ef680000)
  from space 2048K, 99% used [0x00000000ef680000,0x00000000ef87c230,0x00000000ef880000)
  to   space 4096K, 0% used [0x00000000f2880000,0x00000000f2880000,0x00000000f2c80000)
 ParOldGen       total 37888K, used 6773K [0x00000000c0000000, 0x00000000c2500000, 0x00000000eaa80000)
  object space 37888K, 17% used [0x00000000c0000000,0x00000000c069d490,0x00000000c2500000)
 PSPermGen       total 22528K, used 22395K [0x00000000b5a00000, 0x00000000b7000000, 0x00000000c0000000)
  object space 22528K, 99% used [0x00000000b5a00000,0x00000000b6fdefc0,0x00000000b7000000)
Event: 9.034 GC heap after
Heap after GC invocations=14 (full 0):
 PSYoungGen      total 128000K, used 2122K [0x00000000eaa80000, 0x00000000f2b80000, 0x0000000100000000)
  eden space 124928K, 0% used [0x00000000eaa80000,0x00000000eaa80000,0x00000000f2480000)
  from space 3072K, 69% used [0x00000000f2880000,0x00000000f2a92b20,0x00000000f2b80000)
  to   space 3584K, 0% used [0x00000000f2480000,0x00000000f2480000,0x00000000f2800000)
 ParOldGen       total 37888K, used 8630K [0x00000000c0000000, 0x00000000c2500000, 0x00000000eaa80000)
  object space 37888K, 22% used [0x00000000c0000000,0x00000000c086d998,0x00000000c2500000)
 PSPermGen       total 22528K, used 22395K [0x00000000b5a00000, 0x00000000b7000000, 0x00000000c0000000)
  object space 22528K, 99% used [0x00000000b5a00000,0x00000000b6fdefc0,0x00000000b7000000)
}
Event: 11.082 GC heap before
{Heap before GC invocations=15 (full 0):
 PSYoungGen      total 128000K, used 127050K [0x00000000eaa80000, 0x00000000f2b80000, 0x0000000100000000)
  eden space 124928K, 100% used [0x00000000eaa80000,0x00000000f2480000,0x00000000f2480000)
  from space 3072K, 69% used [0x00000000f2880000,0x00000000f2a92b20,0x00000000f2b80000)
  to   space 3584K, 0% used [0x00000000f2480000,0x00000000f2480000,0x00000000f2800000)
 ParOldGen       total 37888K, used 8630K [0x00000000c0000000, 0x00000000c2500000, 0x00000000eaa80000)
  object space 37888K, 22% used [0x00000000c0000000,0x00000000c086d998,0x00000000c2500000)
 PSPermGen       total 29184K, used 28675K [0x00000000b5a00000, 0x00000000b7680000, 0x00000000c0000000)
  object space 29184K, 98% used [0x00000000b5a00000,0x00000000b7600f48,0x00000000b7680000)
Event: 11.097 GC heap after
Heap after GC invocations=15 (full 0):
 PSYoungGen      total 128512K, used 3555K [0x00000000eaa80000, 0x00000000f7800000, 0x0000000100000000)
  eden space 124928K, 0% used [0x00000000eaa80000,0x00000000eaa80000,0x00000000f2480000)
  from space 3584K, 99% used [0x00000000f2480000,0x00000000f27f8ec0,0x00000000f2800000)
  to   space 5120K, 0% used [0x00000000f7300000,0x00000000f7300000,0x00000000f7800000)
 ParOldGen       total 37888K, used 10996K [0x00000000c0000000, 0x00000000c2500000, 0x00000000eaa80000)
  object space 37888K, 29% used [0x00000000c0000000,0x00000000c0abd2c8,0x00000000c2500000)
 PSPermGen       total 29184K, used 28675K [0x00000000b5a00000, 0x00000000b7680000, 0x00000000c0000000)
  object space 29184K, 98% used [0x00000000b5a00000,0x00000000b7600f48,0x00000000b7680000)
}
Event: 14.088 GC heap before
{Heap before GC invocations=16 (full 0):
 PSYoungGen      total 128512K, used 128483K [0x00000000eaa80000, 0x00000000f7800000, 0x0000000100000000)
  eden space 124928K, 100% used [0x00000000eaa80000,0x00000000f2480000,0x00000000f2480000)
  from space 3584K, 99% used [0x00000000f2480000,0x00000000f27f8ec0,0x00000000f2800000)
  to   space 5120K, 0% used [0x00000000f7300000,0x00000000f7300000,0x00000000f7800000)
 ParOldGen       total 37888K, used 10996K [0x00000000c0000000, 0x00000000c2500000, 0x00000000eaa80000)
  object space 37888K, 29% used [0x00000000c0000000,0x00000000c0abd2c8,0x00000000c2500000)
 PSPermGen       total 32256K, used 32120K [0x00000000b5a00000, 0x00000000b7980000, 0x00000000c0000000)
  object space 32256K, 99% used [0x00000000b5a00000,0x00000000b795e010,0x00000000b7980000)
Event: 14.105 GC heap after
Heap after GC invocations=16 (full 0):
 PSYoungGen      total 202240K, used 5110K [0x00000000eaa80000, 0x00000000f7e00000, 0x0000000100000000)
  eden space 197120K, 0% used [0x00000000eaa80000,0x00000000eaa80000,0x00000000f6b00000)
  from space 5120K, 99% used [0x00000000f7300000,0x00000000f77fd848,0x00000000f7800000)
  to   space 8192K, 0% used [0x00000000f6b00000,0x00000000f6b00000,0x00000000f7300000)
 ParOldGen       total 37888K, used 16759K [0x00000000c0000000, 0x00000000c2500000, 0x00000000eaa80000)
  object space 37888K, 44% used [0x00000000c0000000,0x00000000c105dee0,0x00000000c2500000)
 PSPermGen       total 32256K, used 32120K [0x00000000b5a00000, 0x00000000b7980000, 0x00000000c0000000)
  object space 32256K, 99% used [0x00000000b5a00000,0x00000000b795e010,0x00000000b7980000)
}
Event: 17.202 GC heap before
{Heap before GC invocations=17 (full 0):
 PSYoungGen      total 202240K, used 202230K [0x00000000eaa80000, 0x00000000f7e00000, 0x0000000100000000)
  eden space 197120K, 100% used [0x00000000eaa80000,0x00000000f6b00000,0x00000000f6b00000)
  from space 5120K, 99% used [0x00000000f7300000,0x00000000f77fd848,0x00000000f7800000)
  to   space 8192K, 0% used [0x00000000f6b00000,0x00000000f6b00000,0x00000000f7300000)
 ParOldGen       total 37888K, used 16759K [0x00000000c0000000, 0x00000000c2500000, 0x00000000eaa80000)
  object space 37888K, 44% used [0x00000000c0000000,0x00000000c105dee0,0x00000000c2500000)
 PSPermGen       total 39936K, used 39848K [0x00000000b5a00000, 0x00000000b8100000, 0x00000000c0000000)
  object space 39936K, 99% used [0x00000000b5a00000,0x00000000b80ea228,0x00000000b8100000)

